<?xml version="1.0" encoding="UTF-8"?>
<!-- Generated by org.testng.reporters.JUnitReportReporter -->
<testsuite hostname="PE-HO-011" failures="0" tests="5" name="testNG.RunTestNG" time="14.282" errors="0" timestamp="2022-10-07T16:04:13 COT" skipped="0">
  <testcase classname="testNG.RunTestNG" name="alertsTQA" time="0.004"/>
  <system-out/>
  <testcase classname="testNG.RunTestNG" name="widgetsTQA" time="0.001"/>
  <system-out/>
  <testcase classname="testNG.RunTestNG" name="seleccionaProducto" time="0.002"/>
  <system-out/>
  <testcase classname="testNG.RunTestNG" name="crearCuentaDesdeInicio" time="0.001"/>
  <system-out/>
  <testcase classname="testNG.RunTestNG" name="registroMercuryTours" time="14.274"/>
  <system-out/>
</testsuite> <!-- testNG.RunTestNG -->
